(chem) dash01@230621641700067:~/TD/LMLFStar$ python LMLFStar.py
180125_0453
Iteration 1:
        Generated: ['C1=CC(=CC=C1C(=O)N)O', 'CCN(CC)C(=S)SSC(=S)N(CC)CCN', 'C1CC2=C(C=C(C=C2C[C@H]1N3C(=CNC3=S)CN)Cl)F', 'C1[C@H](COC2=C1C=C(C=C2F)F)N3C(=CNC3=S)CCNC', 'C1[C@H](COC2=C1C=C(C=C2F)Cl)N3C(=CNC3=S)CCN']
Molecule C1=CC(=CC=C1C(=O)N)O sanitized successfully.
Molecule CCN(CC)C(=S)SSC(=S)N(CC)CCN sanitized successfully.
Molecule C1CC2=C(C=C(C=C2C[C@H]1N3C(=CNC3=S)CN)Cl)F sanitized successfully.
Molecule C1[C@H](COC2=C1C=C(C=C2F)F)N3C(=CNC3=S)CCNC sanitized successfully.
Molecule C1[C@H](COC2=C1C=C(C=C2F)Cl)N3C(=CNC3=S)CCN sanitized successfully.
        Valid: ['C1=CC(=CC=C1C(=O)N)O', 'CCN(CC)C(=S)SSC(=S)N(CC)CCN', 'C1CC2=C(C=C(C=C2C[C@H]1N3C(=CNC3=S)CN)Cl)F', 'C1[C@H](COC2=C1C=C(C=C2F)F)N3C(=CNC3=S)CCNC', 'C1[C@H](COC2=C1C=C(C=C2F)Cl)N3C(=CNC3=S)CCN'] (Total: 5)
Iteration 2:
        Generated: ['C1=CC(=CC=C1O)C(=O)CCl', 'CCN(CC)C(=S)SSC(=S)N(CC)CCO', 'C1CC2=C(C=C(C=C2C[C@H]1N3C(=CNC3=S)CN)Cl)Cl', 'C1[C@H](COC2=C1C=C(C=C2Cl)Cl)N3C(=CNC3=S)CCN', 'C1[C@H](COC2=C1C=C(C=C2Cl)Cl)N3C(=CNC3=S)CCNCC4=CC=CC=C4']
Molecule C1=CC(=CC=C1O)C(=O)CCl sanitized successfully.
Molecule CCN(CC)C(=S)SSC(=S)N(CC)CCO sanitized successfully.
Molecule C1CC2=C(C=C(C=C2C[C@H]1N3C(=CNC3=S)CN)Cl)Cl sanitized successfully.
Molecule C1[C@H](COC2=C1C=C(C=C2Cl)Cl)N3C(=CNC3=S)CCN sanitized successfully.
Molecule C1[C@H](COC2=C1C=C(C=C2Cl)Cl)N3C(=CNC3=S)CCNCC4=CC=CC=C4 sanitized successfully.
        Valid: ['C1=CC(=CC=C1O)C(=O)CCl', 'CCN(CC)C(=S)SSC(=S)N(CC)CCO', 'C1CC2=C(C=C(C=C2C[C@H]1N3C(=CNC3=S)CN)Cl)Cl', 'C1[C@H](COC2=C1C=C(C=C2Cl)Cl)N3C(=CNC3=S)CCN', 'C1[C@H](COC2=C1C=C(C=C2Cl)Cl)N3C(=CNC3=S)CCNCC4=CC=CC=C4'] (Total: 5)
Iteration 3:
        Generated: ['C1=CC=C(C(=O)C=C1)OCCN(CC)C(=S)SSC(=S)N(CC)CC', 'C1=CC=C(C(=O)C=C1)OCCN(CC)C(=S)SSC(=S)N(CC)CCN', 'C1=CC=C(C(=O)C=C1)OCCN(CC)C(=S)SSC(=S)N(CC)CCNC', 'CCN(CC)C(=S)SSC(=S)N(CC)CCNCC1=CC=CC=C1', 'C1[C@H](COC2=C1C=C(C=C2F)F)N3C(=CNC3=S)CCNCC4=CC=CC=C4.Cl']
Molecule C1=CC=C(C(=O)C=C1)OCCN(CC)C(=S)SSC(=S)N(CC)CC sanitized successfully.
Molecule C1=CC=C(C(=O)C=C1)OCCN(CC)C(=S)SSC(=S)N(CC)CCN sanitized successfully.
Molecule C1=CC=C(C(=O)C=C1)OCCN(CC)C(=S)SSC(=S)N(CC)CCNC sanitized successfully.
Molecule CCN(CC)C(=S)SSC(=S)N(CC)CCNCC1=CC=CC=C1 sanitized successfully.
Molecule C1[C@H](COC2=C1C=C(C=C2F)F)N3C(=CNC3=S)CCNCC4=CC=CC=C4.Cl sanitized successfully.
        Valid: ['C1=CC=C(C(=O)C=C1)OCCN(CC)C(=S)SSC(=S)N(CC)CC', 'C1=CC=C(C(=O)C=C1)OCCN(CC)C(=S)SSC(=S)N(CC)CCN', 'C1=CC=C(C(=O)C=C1)OCCN(CC)C(=S)SSC(=S)N(CC)CCNC', 'CCN(CC)C(=S)SSC(=S)N(CC)CCNCC1=CC=CC=C1', 'C1[C@H](COC2=C1C=C(C=C2F)F)N3C(=CNC3=S)CCNCC4=CC=CC=C4.Cl'] (Total: 5)
Iteration 4:
        Generated: ['C1=CC(=CC=C1C(=O)N)O', 'CCN(CC)C(=S)SSC(=S)N(CC)CC', 'C1CC2=C(C=C(C=C2C[C@H]1N3C(=CNC3=S)CN)F)F.Cl', 'C1[C@H](COC2=C1C=C(C=C2F)F)N3C(=CNC3=S)CCN', 'C1[C@H](COC2=C1C=C(C=C2F)F)N3C(=CNC3=S)CCNCC4=CC=CC=C4']
Molecule C1=CC(=CC=C1C(=O)N)O sanitized successfully.
Molecule CCN(CC)C(=S)SSC(=S)N(CC)CC sanitized successfully.
Molecule C1CC2=C(C=C(C=C2C[C@H]1N3C(=CNC3=S)CN)F)F.Cl sanitized successfully.
Molecule C1[C@H](COC2=C1C=C(C=C2F)F)N3C(=CNC3=S)CCN sanitized successfully.
Molecule C1[C@H](COC2=C1C=C(C=C2F)F)N3C(=CNC3=S)CCNCC4=CC=CC=C4 sanitized successfully.
        Valid: ['C1=CC(=CC=C1C(=O)N)O', 'CCN(CC)C(=S)SSC(=S)N(CC)CC', 'C1CC2=C(C=C(C=C2C[C@H]1N3C(=CNC3=S)CN)F)F.Cl', 'C1[C@H](COC2=C1C=C(C=C2F)F)N3C(=CNC3=S)CCN', 'C1[C@H](COC2=C1C=C(C=C2F)F)N3C(=CNC3=S)CCNCC4=CC=CC=C4'] (Total: 5)
Iteration 5:
        Generated: ['C1=CC=C(C(=O)C=C1)N', 'CCN(CC)C(=S)SSC(=S)N(CC)CCC', 'C1CC2=C(C=C(C=C2C[C@H]1N3C(=CNC3=S)CN)Cl)F', 'C1[C@H](COC2=C1C=C(C=C2F)F)N3C(=CNC3=S)CCNCC', 'C1[C@H](COC2=C1C=C(C=C2F)F)N3C(=CNC3=S)CCNC']
Molecule C1=CC=C(C(=O)C=C1)N sanitized successfully.
Molecule CCN(CC)C(=S)SSC(=S)N(CC)CCC sanitized successfully.
Molecule C1CC2=C(C=C(C=C2C[C@H]1N3C(=CNC3=S)CN)Cl)F sanitized successfully.
Molecule C1[C@H](COC2=C1C=C(C=C2F)F)N3C(=CNC3=S)CCNCC sanitized successfully.
Molecule C1[C@H](COC2=C1C=C(C=C2F)F)N3C(=CNC3=S)CCNC sanitized successfully.
        Valid: ['C1=CC=C(C(=O)C=C1)N', 'CCN(CC)C(=S)SSC(=S)N(CC)CCC', 'C1CC2=C(C=C(C=C2C[C@H]1N3C(=CNC3=S)CN)Cl)F', 'C1[C@H](COC2=C1C=C(C=C2F)F)N3C(=CNC3=S)CCNCC', 'C1[C@H](COC2=C1C=C(C=C2F)F)N3C(=CNC3=S)CCNC'] (Total: 5)
Iteration 6:
        Generated: ['C1=CC(=CC=C1C(=O)N)O', 'CCN(CC)C(=S)SSC(=S)N(CC)CC', 'C1CC2=C(C=C(C=C2C[C@H]1N3C(=CNC3=S)CN)F)Cl', 'C1[C@H](COC2=C1C=C(C=C2F)F)N3C(=CNC3=S)CCN', 'C1[C@H](COC2=C1C=C(C=C2F)F)N3C(=CNC3=S)CCNCC4=CC=CC=C4']
Molecule C1=CC(=CC=C1C(=O)N)O sanitized successfully.
Molecule CCN(CC)C(=S)SSC(=S)N(CC)CC sanitized successfully.
Molecule C1CC2=C(C=C(C=C2C[C@H]1N3C(=CNC3=S)CN)F)Cl sanitized successfully.
Molecule C1[C@H](COC2=C1C=C(C=C2F)F)N3C(=CNC3=S)CCN sanitized successfully.
Molecule C1[C@H](COC2=C1C=C(C=C2F)F)N3C(=CNC3=S)CCNCC4=CC=CC=C4 sanitized successfully.
        Valid: ['C1=CC(=CC=C1C(=O)N)O', 'CCN(CC)C(=S)SSC(=S)N(CC)CC', 'C1CC2=C(C=C(C=C2C[C@H]1N3C(=CNC3=S)CN)F)Cl', 'C1[C@H](COC2=C1C=C(C=C2F)F)N3C(=CNC3=S)CCN', 'C1[C@H](COC2=C1C=C(C=C2F)F)N3C(=CNC3=S)CCNCC4=CC=CC=C4'] (Total: 5)
Iteration 7:
        Generated: ['C1=CC(=CC(=C1)C(=O)N)O', 'CCN(CC)C(=S)SSC(=S)N(CC)C', 'C1CC2=C(C=C(C=C2C[C@H]1N3C(=CNC3=S)C)F)F.Cl', 'C1[C@H](COC2=C1C=C(C=C2F)F)N3C(=CNC3=S)CNC', 'C1[C@H](COC2=C1C=C(C=C2F)F)N3C(=CNC3=S)CCNCC4=CC=CC=C4']
Molecule C1=CC(=CC(=C1)C(=O)N)O sanitized successfully.
Molecule CCN(CC)C(=S)SSC(=S)N(CC)C sanitized successfully.
Molecule C1CC2=C(C=C(C=C2C[C@H]1N3C(=CNC3=S)C)F)F.Cl sanitized successfully.
Molecule C1[C@H](COC2=C1C=C(C=C2F)F)N3C(=CNC3=S)CNC sanitized successfully.
Molecule C1[C@H](COC2=C1C=C(C=C2F)F)N3C(=CNC3=S)CCNCC4=CC=CC=C4 sanitized successfully.
        Valid: ['C1=CC(=CC(=C1)C(=O)N)O', 'CCN(CC)C(=S)SSC(=S)N(CC)C', 'C1CC2=C(C=C(C=C2C[C@H]1N3C(=CNC3=S)C)F)F.Cl', 'C1[C@H](COC2=C1C=C(C=C2F)F)N3C(=CNC3=S)CNC', 'C1[C@H](COC2=C1C=C(C=C2F)F)N3C(=CNC3=S)CCNCC4=CC=CC=C4'] (Total: 5)
Iteration 8:
        Generated: ['C1=CC=C(C(=O)C=C1)N', 'CCN(CC)C(=S)SSC(=S)N(CC)CCC', 'C1CC2=C(C=C(C=C2C[C@H]1N3C(=CNC3=S)CN)Cl)F', 'C1[C@H](COC2=C1C=C(C=C2F)F)N3C(=CNC3=S)CCCNC', 'C1[C@H](COC2=C1C=C(C=C2F)Cl)N3C(=CNC3=S)CCN']
Molecule C1=CC=C(C(=O)C=C1)N sanitized successfully.
Molecule CCN(CC)C(=S)SSC(=S)N(CC)CCC sanitized successfully.
Molecule C1CC2=C(C=C(C=C2C[C@H]1N3C(=CNC3=S)CN)Cl)F sanitized successfully.
Molecule C1[C@H](COC2=C1C=C(C=C2F)F)N3C(=CNC3=S)CCCNC sanitized successfully.
Molecule C1[C@H](COC2=C1C=C(C=C2F)Cl)N3C(=CNC3=S)CCN sanitized successfully.
        Valid: ['C1=CC=C(C(=O)C=C1)N', 'CCN(CC)C(=S)SSC(=S)N(CC)CCC', 'C1CC2=C(C=C(C=C2C[C@H]1N3C(=CNC3=S)CN)Cl)F', 'C1[C@H](COC2=C1C=C(C=C2F)F)N3C(=CNC3=S)CCCNC', 'C1[C@H](COC2=C1C=C(C=C2F)Cl)N3C(=CNC3=S)CCN'] (Total: 5)
Iteration 9:
        Generated: ['C1=CC(=CC=C1O)C(=O)C2=CC=CC=C2', 'CCN(CC)C(=S)SSC(=S)N(CC)CC', 'C1CC2=C(C=C(C=C2C[C@H]1N3C(=CNC3=S)CN)F)F.Cl', 'C1[C@H](COC2=C1C=C(C=C2F)F)N3C(=CNC3=S)CCN', 'C1[C@H](COC2=C1C=C(C=C2F)F)N3C(=CNC3=S)CCNCC4=CC=CC=C4']
Molecule C1=CC(=CC=C1O)C(=O)C2=CC=CC=C2 sanitized successfully.
Molecule CCN(CC)C(=S)SSC(=S)N(CC)CC sanitized successfully.
Molecule C1CC2=C(C=C(C=C2C[C@H]1N3C(=CNC3=S)CN)F)F.Cl sanitized successfully.
Molecule C1[C@H](COC2=C1C=C(C=C2F)F)N3C(=CNC3=S)CCN sanitized successfully.
Molecule C1[C@H](COC2=C1C=C(C=C2F)F)N3C(=CNC3=S)CCNCC4=CC=CC=C4 sanitized successfully.
        Valid: ['C1=CC(=CC=C1O)C(=O)C2=CC=CC=C2', 'CCN(CC)C(=S)SSC(=S)N(CC)CC', 'C1CC2=C(C=C(C=C2C[C@H]1N3C(=CNC3=S)CN)F)F.Cl', 'C1[C@H](COC2=C1C=C(C=C2F)F)N3C(=CNC3=S)CCN', 'C1[C@H](COC2=C1C=C(C=C2F)F)N3C(=CNC3=S)CCNCC4=CC=CC=C4'] (Total: 5)
Iteration 10:
        Generated: ['CC(=O)c1ccc(O)cc1', 'CCN(CC)C(=S)SSC(=S)N(CC)CC', 'C1CC2=C(C=C(C=C2C[C@H]1N3C(=CNC3=S)CN)F)F.Cl', 'C1[C@H](COC2=C1C=C(C=C2F)F)N3C(=CNC3=S)CCN', 'C1[C@H](COC2=C1C=C(C=C2F)F)N3C(=CNC3=S)CCNCC4=CC=CC=C4']
Molecule CC(=O)c1ccc(O)cc1 sanitized successfully.
Molecule CCN(CC)C(=S)SSC(=S)N(CC)CC sanitized successfully.
Molecule C1CC2=C(C=C(C=C2C[C@H]1N3C(=CNC3=S)CN)F)F.Cl sanitized successfully.
Molecule C1[C@H](COC2=C1C=C(C=C2F)F)N3C(=CNC3=S)CCN sanitized successfully.
Molecule C1[C@H](COC2=C1C=C(C=C2F)F)N3C(=CNC3=S)CCNCC4=CC=CC=C4 sanitized successfully.
        Valid: ['CC(=O)c1ccc(O)cc1', 'CCN(CC)C(=S)SSC(=S)N(CC)CC', 'C1CC2=C(C=C(C=C2C[C@H]1N3C(=CNC3=S)CN)F)F.Cl', 'C1[C@H](COC2=C1C=C(C=C2F)F)N3C(=CNC3=S)CCN', 'C1[C@H](COC2=C1C=C(C=C2F)F)N3C(=CNC3=S)CCNCC4=CC=CC=C4'] (Total: 5)
Total unique valid molecules generated: 30

PROCESSING MOLECULE: CCN(CC)C(=S)SSC(=S)N(CC)CCNCC1=CC=CC=C1
Running Gnina command: ./docking/gnina --config ./docking/DBH/DBH_config.txt --ligand /tmp/molecule_generation/ligand.pdb --seed 0 --cpu 64
Gnina output:
              _
             (_)
   __ _ _ __  _ _ __   __ _
  / _` | '_ \| | '_ \ / _` |
 | (_| | | | | | | | | (_| |
  \__, |_| |_|_|_| |_|\__,_|
   __/ |
  |___/

gnina v1.3 master:97fa6bc+   Built Oct  3 2024.
gnina is based on smina and AutoDock Vina.
Please cite appropriately.

Commandline: ./docking/gnina --config ./docking/DBH/DBH_config.txt --ligand /tmp/molecule_generation/ligand.pdb --seed 0 --cpu 64
Using random seed: 0

0%   10   20   30   40   50   60   70   80   90   100%
|----|----|----|----|----|----|----|----|----|----|
***************************************************
 | pose 0 | initial pose not within box

mode |  affinity  |  intramol  |    CNN     |   CNN
     | (kcal/mol) | (kcal/mol) | pose score | affinity
-----+------------+------------+------------+----------
    1        0.00       -1.86       0.5880      3.738

gnina output result line captured: 1        0.00       -1.86       0.5880      3.738

PROCESSING MOLECULE: C1[C@H](COC2=C1C=C(C=C2F)F)N3C(=CNC3=S)CCCNC
Running Gnina command: ./docking/gnina --config ./docking/DBH/DBH_config.txt --ligand /tmp/molecule_generation/ligand.pdb --seed 0 --cpu 64
Gnina output:
              _
             (_)
   __ _ _ __  _ _ __   __ _
  / _` | '_ \| | '_ \ / _` |
 | (_| | | | | | | | | (_| |
  \__, |_| |_|_|_| |_|\__,_|
   __/ |
  |___/

gnina v1.3 master:97fa6bc+   Built Oct  3 2024.
gnina is based on smina and AutoDock Vina.
Please cite appropriately.

Commandline: ./docking/gnina --config ./docking/DBH/DBH_config.txt --ligand /tmp/molecule_generation/ligand.pdb --seed 0 --cpu 64
Using random seed: 0

0%   10   20   30   40   50   60   70   80   90   100%
|----|----|----|----|----|----|----|----|----|----|
***************************************************
 | pose 0 | initial pose not within box

mode |  affinity  |  intramol  |    CNN     |   CNN
     | (kcal/mol) | (kcal/mol) | pose score | affinity
-----+------------+------------+------------+----------
    1        0.00       -0.62       0.8487      4.879

gnina output result line captured: 1        0.00       -0.62       0.8487      4.879

PROCESSING MOLECULE: C1=CC(=CC(=C1)C(=O)N)O
Running Gnina command: ./docking/gnina --config ./docking/DBH/DBH_config.txt --ligand /tmp/molecule_generation/ligand.pdb --seed 0 --cpu 64
Gnina output:
              _
             (_)
   __ _ _ __  _ _ __   __ _
  / _` | '_ \| | '_ \ / _` |
 | (_| | | | | | | | | (_| |
  \__, |_| |_|_|_| |_|\__,_|
   __/ |
  |___/

gnina v1.3 master:97fa6bc+   Built Oct  3 2024.
gnina is based on smina and AutoDock Vina.
Please cite appropriately.

Commandline: ./docking/gnina --config ./docking/DBH/DBH_config.txt --ligand /tmp/molecule_generation/ligand.pdb --seed 0 --cpu 64
Using random seed: 0

0%   10   20   30   40   50   60   70   80   90   100%
|----|----|----|----|----|----|----|----|----|----|
***************************************************
 | pose 0 | initial pose not within box

mode |  affinity  |  intramol  |    CNN     |   CNN
     | (kcal/mol) | (kcal/mol) | pose score | affinity
-----+------------+------------+------------+----------
    1        0.00       -0.04       0.5733      3.091

gnina output result line captured: 1        0.00       -0.04       0.5733      3.091

PROCESSING MOLECULE: C1=CC=C(C(=O)C=C1)N
Running Gnina command: ./docking/gnina --config ./docking/DBH/DBH_config.txt --ligand /tmp/molecule_generation/ligand.pdb --seed 0 --cpu 64
Gnina output:
              _
             (_)
   __ _ _ __  _ _ __   __ _
  / _` | '_ \| | '_ \ / _` |
 | (_| | | | | | | | | (_| |
  \__, |_| |_|_|_| |_|\__,_|
   __/ |
  |___/

gnina v1.3 master:97fa6bc+   Built Oct  3 2024.
gnina is based on smina and AutoDock Vina.
Please cite appropriately.

Commandline: ./docking/gnina --config ./docking/DBH/DBH_config.txt --ligand /tmp/molecule_generation/ligand.pdb --seed 0 --cpu 64
Using random seed: 0

0%   10   20   30   40   50   60   70   80   90   100%
|----|----|----|----|----|----|----|----|----|----|
***************************************************
 | pose 0 | initial pose not within box

mode |  affinity  |  intramol  |    CNN     |   CNN
     | (kcal/mol) | (kcal/mol) | pose score | affinity
-----+------------+------------+------------+----------
    1        0.00        0.00       0.6969      3.146

gnina output result line captured: 1        0.00        0.00       0.6969      3.146

PROCESSING MOLECULE: C1=CC=C(C(=O)C=C1)OCCN(CC)C(=S)SSC(=S)N(CC)CC
Running Gnina command: ./docking/gnina --config ./docking/DBH/DBH_config.txt --ligand /tmp/molecule_generation/ligand.pdb --seed 0 --cpu 64
Gnina output:
              _
             (_)
   __ _ _ __  _ _ __   __ _
  / _` | '_ \| | '_ \ / _` |
 | (_| | | | | | | | | (_| |
  \__, |_| |_|_|_| |_|\__,_|
   __/ |
  |___/

gnina v1.3 master:97fa6bc+   Built Oct  3 2024.
gnina is based on smina and AutoDock Vina.
Please cite appropriately.

Commandline: ./docking/gnina --config ./docking/DBH/DBH_config.txt --ligand /tmp/molecule_generation/ligand.pdb --seed 0 --cpu 64
Using random seed: 0

0%   10   20   30   40   50   60   70   80   90   100%
|----|----|----|----|----|----|----|----|----|----|
***************************************************
 | pose 0 | initial pose not within box

mode |  affinity  |  intramol  |    CNN     |   CNN
     | (kcal/mol) | (kcal/mol) | pose score | affinity
-----+------------+------------+------------+----------
    1        0.00       -1.57       0.6995      4.315

gnina output result line captured: 1        0.00       -1.57       0.6995      4.315

PROCESSING MOLECULE: C1[C@H](COC2=C1C=C(C=C2Cl)Cl)N3C(=CNC3=S)CCN
Running Gnina command: ./docking/gnina --config ./docking/DBH/DBH_config.txt --ligand /tmp/molecule_generation/ligand.pdb --seed 0 --cpu 64
Gnina output:
              _
             (_)
   __ _ _ __  _ _ __   __ _
  / _` | '_ \| | '_ \ / _` |
 | (_| | | | | | | | | (_| |
  \__, |_| |_|_|_| |_|\__,_|
   __/ |
  |___/

gnina v1.3 master:97fa6bc+   Built Oct  3 2024.
gnina is based on smina and AutoDock Vina.
Please cite appropriately.

Commandline: ./docking/gnina --config ./docking/DBH/DBH_config.txt --ligand /tmp/molecule_generation/ligand.pdb --seed 0 --cpu 64
Using random seed: 0

0%   10   20   30   40   50   60   70   80   90   100%
|----|----|----|----|----|----|----|----|----|----|
***************************************************
 | pose 0 | initial pose not within box

mode |  affinity  |  intramol  |    CNN     |   CNN
     | (kcal/mol) | (kcal/mol) | pose score | affinity
-----+------------+------------+------------+----------
    1        0.00       -0.43       0.8780      5.085

gnina output result line captured: 1        0.00       -0.43       0.8780      5.085

PROCESSING MOLECULE: CC(=O)c1ccc(O)cc1
Running Gnina command: ./docking/gnina --config ./docking/DBH/DBH_config.txt --ligand /tmp/molecule_generation/ligand.pdb --seed 0 --cpu 64
Gnina output:
              _
             (_)
   __ _ _ __  _ _ __   __ _
  / _` | '_ \| | '_ \ / _` |
 | (_| | | | | | | | | (_| |
  \__, |_| |_|_|_| |_|\__,_|
   __/ |
  |___/

gnina v1.3 master:97fa6bc+   Built Oct  3 2024.
gnina is based on smina and AutoDock Vina.
Please cite appropriately.

Commandline: ./docking/gnina --config ./docking/DBH/DBH_config.txt --ligand /tmp/molecule_generation/ligand.pdb --seed 0 --cpu 64
Using random seed: 0

0%   10   20   30   40   50   60   70   80   90   100%
|----|----|----|----|----|----|----|----|----|----|
***************************************************
 | pose 0 | initial pose not within box

mode |  affinity  |  intramol  |    CNN     |   CNN
     | (kcal/mol) | (kcal/mol) | pose score | affinity
-----+------------+------------+------------+----------
    1        0.00       -0.08       0.6980      3.162

gnina output result line captured: 1        0.00       -0.08       0.6980      3.162

PROCESSING MOLECULE: C1[C@H](COC2=C1C=C(C=C2F)Cl)N3C(=CNC3=S)CCN
Running Gnina command: ./docking/gnina --config ./docking/DBH/DBH_config.txt --ligand /tmp/molecule_generation/ligand.pdb --seed 0 --cpu 64
Gnina output:
              _
             (_)
   __ _ _ __  _ _ __   __ _
  / _` | '_ \| | '_ \ / _` |
 | (_| | | | | | | | | (_| |
  \__, |_| |_|_|_| |_|\__,_|
   __/ |
  |___/

gnina v1.3 master:97fa6bc+   Built Oct  3 2024.
gnina is based on smina and AutoDock Vina.
Please cite appropriately.

Commandline: ./docking/gnina --config ./docking/DBH/DBH_config.txt --ligand /tmp/molecule_generation/ligand.pdb --seed 0 --cpu 64
Using random seed: 0

0%   10   20   30   40   50   60   70   80   90   100%
|----|----|----|----|----|----|----|----|----|----|
***************************************************
 | pose 0 | initial pose not within box

mode |  affinity  |  intramol  |    CNN     |   CNN
     | (kcal/mol) | (kcal/mol) | pose score | affinity
-----+------------+------------+------------+----------
    1        0.00       -0.26       0.8479      5.051

gnina output result line captured: 1        0.00       -0.26       0.8479      5.051

PROCESSING MOLECULE: C1=CC(=CC=C1O)C(=O)CCl
Running Gnina command: ./docking/gnina --config ./docking/DBH/DBH_config.txt --ligand /tmp/molecule_generation/ligand.pdb --seed 0 --cpu 64
Gnina output:
              _
             (_)
   __ _ _ __  _ _ __   __ _
  / _` | '_ \| | '_ \ / _` |
 | (_| | | | | | | | | (_| |
  \__, |_| |_|_|_| |_|\__,_|
   __/ |
  |___/

gnina v1.3 master:97fa6bc+   Built Oct  3 2024.
gnina is based on smina and AutoDock Vina.
Please cite appropriately.

Commandline: ./docking/gnina --config ./docking/DBH/DBH_config.txt --ligand /tmp/molecule_generation/ligand.pdb --seed 0 --cpu 64
Using random seed: 0

0%   10   20   30   40   50   60   70   80   90   100%
|----|----|----|----|----|----|----|----|----|----|
***************************************************
 | pose 0 | initial pose not within box

mode |  affinity  |  intramol  |    CNN     |   CNN
     | (kcal/mol) | (kcal/mol) | pose score | affinity
-----+------------+------------+------------+----------
    1        0.00       -0.09       0.5930      3.357

gnina output result line captured: 1        0.00       -0.09       0.5930      3.357

PROCESSING MOLECULE: C1CC2=C(C=C(C=C2C[C@H]1N3C(=CNC3=S)CN)F)F.Cl
Running Gnina command: ./docking/gnina --config ./docking/DBH/DBH_config.txt --ligand /tmp/molecule_generation/ligand.pdb --seed 0 --cpu 64
Gnina output:
              _
             (_)
   __ _ _ __  _ _ __   __ _
  / _` | '_ \| | '_ \ / _` |
 | (_| | | | | | | | | (_| |
  \__, |_| |_|_|_| |_|\__,_|
   __/ |
  |___/

gnina v1.3 master:97fa6bc+   Built Oct  3 2024.
gnina is based on smina and AutoDock Vina.
Please cite appropriately.

Commandline: ./docking/gnina --config ./docking/DBH/DBH_config.txt --ligand /tmp/molecule_generation/ligand.pdb --seed 0 --cpu 64
Using random seed: 0

0%   10   20   30   40   50   60   70   80   90   100%
|----|----|----|----|----|----|----|----|----|----|
***************************************************
 | pose 0 | initial pose not within box

mode |  affinity  |  intramol  |    CNN     |   CNN
     | (kcal/mol) | (kcal/mol) | pose score | affinity
-----+------------+------------+------------+----------
    1        0.00        0.10       0.8613      4.897

gnina output result line captured: 1        0.00        0.10       0.8613      4.897

PROCESSING MOLECULE: C1CC2=C(C=C(C=C2C[C@H]1N3C(=CNC3=S)C)F)F.Cl
Running Gnina command: ./docking/gnina --config ./docking/DBH/DBH_config.txt --ligand /tmp/molecule_generation/ligand.pdb --seed 0 --cpu 64
Gnina output:
              _
             (_)
   __ _ _ __  _ _ __   __ _
  / _` | '_ \| | '_ \ / _` |
 | (_| | | | | | | | | (_| |
  \__, |_| |_|_|_| |_|\__,_|
   __/ |
  |___/

gnina v1.3 master:97fa6bc+   Built Oct  3 2024.
gnina is based on smina and AutoDock Vina.
Please cite appropriately.

Commandline: ./docking/gnina --config ./docking/DBH/DBH_config.txt --ligand /tmp/molecule_generation/ligand.pdb --seed 0 --cpu 64
Using random seed: 0

0%   10   20   30   40   50   60   70   80   90   100%
|----|----|----|----|----|----|----|----|----|----|
***************************************************
 | pose 0 | initial pose not within box

mode |  affinity  |  intramol  |    CNN     |   CNN
     | (kcal/mol) | (kcal/mol) | pose score | affinity
-----+------------+------------+------------+----------
    1        0.00       -0.04       0.8537      5.123

gnina output result line captured: 1        0.00       -0.04       0.8537      5.123

PROCESSING MOLECULE: C1[C@H](COC2=C1C=C(C=C2F)F)N3C(=CNC3=S)CCN
Running Gnina command: ./docking/gnina --config ./docking/DBH/DBH_config.txt --ligand /tmp/molecule_generation/ligand.pdb --seed 0 --cpu 64
Gnina output:
              _
             (_)
   __ _ _ __  _ _ __   __ _
  / _` | '_ \| | '_ \ / _` |
 | (_| | | | | | | | | (_| |
  \__, |_| |_|_|_| |_|\__,_|
   __/ |
  |___/

gnina v1.3 master:97fa6bc+   Built Oct  3 2024.
gnina is based on smina and AutoDock Vina.
Please cite appropriately.

Commandline: ./docking/gnina --config ./docking/DBH/DBH_config.txt --ligand /tmp/molecule_generation/ligand.pdb --seed 0 --cpu 64
Using random seed: 0

0%   10   20   30   40   50   60   70   80   90   100%
|----|----|----|----|----|----|----|----|----|----|
***************************************************
 | pose 0 | initial pose not within box

mode |  affinity  |  intramol  |    CNN     |   CNN
     | (kcal/mol) | (kcal/mol) | pose score | affinity
-----+------------+------------+------------+----------
    1        0.00       -0.48       0.8652      4.900

gnina output result line captured: 1        0.00       -0.48       0.8652      4.900

PROCESSING MOLECULE: C1[C@H](COC2=C1C=C(C=C2F)F)N3C(=CNC3=S)CCNC
Running Gnina command: ./docking/gnina --config ./docking/DBH/DBH_config.txt --ligand /tmp/molecule_generation/ligand.pdb --seed 0 --cpu 64
Gnina output:
              _
             (_)
   __ _ _ __  _ _ __   __ _
  / _` | '_ \| | '_ \ / _` |
 | (_| | | | | | | | | (_| |
  \__, |_| |_|_|_| |_|\__,_|
   __/ |
  |___/

gnina v1.3 master:97fa6bc+   Built Oct  3 2024.
gnina is based on smina and AutoDock Vina.
Please cite appropriately.

Commandline: ./docking/gnina --config ./docking/DBH/DBH_config.txt --ligand /tmp/molecule_generation/ligand.pdb --seed 0 --cpu 64
Using random seed: 0

0%   10   20   30   40   50   60   70   80   90   100%
|----|----|----|----|----|----|----|----|----|----|
***************************************************
 | pose 0 | initial pose not within box

mode |  affinity  |  intramol  |    CNN     |   CNN
     | (kcal/mol) | (kcal/mol) | pose score | affinity
-----+------------+------------+------------+----------
    1        0.00       -0.44       0.8533      5.273

gnina output result line captured: 1        0.00       -0.44       0.8533      5.273

PROCESSING MOLECULE: C1[C@H](COC2=C1C=C(C=C2Cl)Cl)N3C(=CNC3=S)CCNCC4=CC=CC=C4
Running Gnina command: ./docking/gnina --config ./docking/DBH/DBH_config.txt --ligand /tmp/molecule_generation/ligand.pdb --seed 0 --cpu 64
Gnina output:
              _
             (_)
   __ _ _ __  _ _ __   __ _
  / _` | '_ \| | '_ \ / _` |
 | (_| | | | | | | | | (_| |
  \__, |_| |_|_|_| |_|\__,_|
   __/ |
  |___/

gnina v1.3 master:97fa6bc+   Built Oct  3 2024.
gnina is based on smina and AutoDock Vina.
Please cite appropriately.

Commandline: ./docking/gnina --config ./docking/DBH/DBH_config.txt --ligand /tmp/molecule_generation/ligand.pdb --seed 0 --cpu 64
Using random seed: 0

0%   10   20   30   40   50   60   70   80   90   100%
|----|----|----|----|----|----|----|----|----|----|
***************************************************
 | pose 0 | initial pose not within box

mode |  affinity  |  intramol  |    CNN     |   CNN
     | (kcal/mol) | (kcal/mol) | pose score | affinity
-----+------------+------------+------------+----------
    1        0.00       -1.60       0.8317      5.570

gnina output result line captured: 1        0.00       -1.60       0.8317      5.570

PROCESSING MOLECULE: CCN(CC)C(=S)SSC(=S)N(CC)CCN
Running Gnina command: ./docking/gnina --config ./docking/DBH/DBH_config.txt --ligand /tmp/molecule_generation/ligand.pdb --seed 0 --cpu 64
Gnina output:
              _
             (_)
   __ _ _ __  _ _ __   __ _
  / _` | '_ \| | '_ \ / _` |
 | (_| | | | | | | | | (_| |
  \__, |_| |_|_|_| |_|\__,_|
   __/ |
  |___/

gnina v1.3 master:97fa6bc+   Built Oct  3 2024.
gnina is based on smina and AutoDock Vina.
Please cite appropriately.

Commandline: ./docking/gnina --config ./docking/DBH/DBH_config.txt --ligand /tmp/molecule_generation/ligand.pdb --seed 0 --cpu 64
Using random seed: 0

0%   10   20   30   40   50   60   70   80   90   100%
|----|----|----|----|----|----|----|----|----|----|
***************************************************
 | pose 0 | initial pose not within box

mode |  affinity  |  intramol  |    CNN     |   CNN
     | (kcal/mol) | (kcal/mol) | pose score | affinity
-----+------------+------------+------------+----------
    1        0.00       -0.97       0.7145      3.658

gnina output result line captured: 1        0.00       -0.97       0.7145      3.658

PROCESSING MOLECULE: CCN(CC)C(=S)SSC(=S)N(CC)CC
Running Gnina command: ./docking/gnina --config ./docking/DBH/DBH_config.txt --ligand /tmp/molecule_generation/ligand.pdb --seed 0 --cpu 64
Gnina output:
              _
             (_)
   __ _ _ __  _ _ __   __ _
  / _` | '_ \| | '_ \ / _` |
 | (_| | | | | | | | | (_| |
  \__, |_| |_|_|_| |_|\__,_|
   __/ |
  |___/

gnina v1.3 master:97fa6bc+   Built Oct  3 2024.
gnina is based on smina and AutoDock Vina.
Please cite appropriately.

Commandline: ./docking/gnina --config ./docking/DBH/DBH_config.txt --ligand /tmp/molecule_generation/ligand.pdb --seed 0 --cpu 64
Using random seed: 0

0%   10   20   30   40   50   60   70   80   90   100%
|----|----|----|----|----|----|----|----|----|----|
***************************************************
 | pose 0 | initial pose not within box

mode |  affinity  |  intramol  |    CNN     |   CNN
     | (kcal/mol) | (kcal/mol) | pose score | affinity
-----+------------+------------+------------+----------
    1        0.00       -0.65       0.6989      3.582

gnina output result line captured: 1        0.00       -0.65       0.6989      3.582

PROCESSING MOLECULE: C1=CC(=CC=C1C(=O)N)O
Running Gnina command: ./docking/gnina --config ./docking/DBH/DBH_config.txt --ligand /tmp/molecule_generation/ligand.pdb --seed 0 --cpu 64
Gnina output:
              _
             (_)
   __ _ _ __  _ _ __   __ _
  / _` | '_ \| | '_ \ / _` |
 | (_| | | | | | | | | (_| |
  \__, |_| |_|_|_| |_|\__,_|
   __/ |
  |___/

gnina v1.3 master:97fa6bc+   Built Oct  3 2024.
gnina is based on smina and AutoDock Vina.
Please cite appropriately.

Commandline: ./docking/gnina --config ./docking/DBH/DBH_config.txt --ligand /tmp/molecule_generation/ligand.pdb --seed 0 --cpu 64
Using random seed: 0

0%   10   20   30   40   50   60   70   80   90   100%
|----|----|----|----|----|----|----|----|----|----|
***************************************************
 | pose 0 | initial pose not within box

mode |  affinity  |  intramol  |    CNN     |   CNN
     | (kcal/mol) | (kcal/mol) | pose score | affinity
-----+------------+------------+------------+----------
    1        0.00       -0.04       0.5577      3.072

gnina output result line captured: 1        0.00       -0.04       0.5577      3.072

PROCESSING MOLECULE: C1=CC=C(C(=O)C=C1)OCCN(CC)C(=S)SSC(=S)N(CC)CCN
Running Gnina command: ./docking/gnina --config ./docking/DBH/DBH_config.txt --ligand /tmp/molecule_generation/ligand.pdb --seed 0 --cpu 64
Gnina output:
              _
             (_)
   __ _ _ __  _ _ __   __ _
  / _` | '_ \| | '_ \ / _` |
 | (_| | | | | | | | | (_| |
  \__, |_| |_|_|_| |_|\__,_|
   __/ |
  |___/

gnina v1.3 master:97fa6bc+   Built Oct  3 2024.
gnina is based on smina and AutoDock Vina.
Please cite appropriately.

Commandline: ./docking/gnina --config ./docking/DBH/DBH_config.txt --ligand /tmp/molecule_generation/ligand.pdb --seed 0 --cpu 64
Using random seed: 0

0%   10   20   30   40   50   60   70   80   90   100%
|----|----|----|----|----|----|----|----|----|----|
***************************************************
 | pose 0 | initial pose not within box

mode |  affinity  |  intramol  |    CNN     |   CNN
     | (kcal/mol) | (kcal/mol) | pose score | affinity
-----+------------+------------+------------+----------
    1        0.00       -1.81       0.6236      3.879

gnina output result line captured: 1        0.00       -1.81       0.6236      3.879

PROCESSING MOLECULE: C1[C@H](COC2=C1C=C(C=C2F)F)N3C(=CNC3=S)CCNCC
Running Gnina command: ./docking/gnina --config ./docking/DBH/DBH_config.txt --ligand /tmp/molecule_generation/ligand.pdb --seed 0 --cpu 64
Gnina output:
              _
             (_)
   __ _ _ __  _ _ __   __ _
  / _` | '_ \| | '_ \ / _` |
 | (_| | | | | | | | | (_| |
  \__, |_| |_|_|_| |_|\__,_|
   __/ |
  |___/

gnina v1.3 master:97fa6bc+   Built Oct  3 2024.
gnina is based on smina and AutoDock Vina.
Please cite appropriately.

Commandline: ./docking/gnina --config ./docking/DBH/DBH_config.txt --ligand /tmp/molecule_generation/ligand.pdb --seed 0 --cpu 64
Using random seed: 0

0%   10   20   30   40   50   60   70   80   90   100%
|----|----|----|----|----|----|----|----|----|----|
***************************************************
 | pose 0 | initial pose not within box

mode |  affinity  |  intramol  |    CNN     |   CNN
     | (kcal/mol) | (kcal/mol) | pose score | affinity
-----+------------+------------+------------+----------
    1        0.00       -0.80       0.8489      4.770

gnina output result line captured: 1        0.00       -0.80       0.8489      4.770

PROCESSING MOLECULE: CCN(CC)C(=S)SSC(=S)N(CC)CCC
Running Gnina command: ./docking/gnina --config ./docking/DBH/DBH_config.txt --ligand /tmp/molecule_generation/ligand.pdb --seed 0 --cpu 64
Gnina output:
              _
             (_)
   __ _ _ __  _ _ __   __ _
  / _` | '_ \| | '_ \ / _` |
 | (_| | | | | | | | | (_| |
  \__, |_| |_|_|_| |_|\__,_|
   __/ |
  |___/

gnina v1.3 master:97fa6bc+   Built Oct  3 2024.
gnina is based on smina and AutoDock Vina.
Please cite appropriately.

Commandline: ./docking/gnina --config ./docking/DBH/DBH_config.txt --ligand /tmp/molecule_generation/ligand.pdb --seed 0 --cpu 64
Using random seed: 0

0%   10   20   30   40   50   60   70   80   90   100%
|----|----|----|----|----|----|----|----|----|----|
***************************************************
 | pose 0 | initial pose not within box

mode |  affinity  |  intramol  |    CNN     |   CNN
     | (kcal/mol) | (kcal/mol) | pose score | affinity
-----+------------+------------+------------+----------
    1        0.00       -0.92       0.7034      3.691

gnina output result line captured: 1        0.00       -0.92       0.7034      3.691

PROCESSING MOLECULE: C1CC2=C(C=C(C=C2C[C@H]1N3C(=CNC3=S)CN)Cl)F
Running Gnina command: ./docking/gnina --config ./docking/DBH/DBH_config.txt --ligand /tmp/molecule_generation/ligand.pdb --seed 0 --cpu 64
Gnina output:
              _
             (_)
   __ _ _ __  _ _ __   __ _
  / _` | '_ \| | '_ \ / _` |
 | (_| | | | | | | | | (_| |
  \__, |_| |_|_|_| |_|\__,_|
   __/ |
  |___/

gnina v1.3 master:97fa6bc+   Built Oct  3 2024.
gnina is based on smina and AutoDock Vina.
Please cite appropriately.

Commandline: ./docking/gnina --config ./docking/DBH/DBH_config.txt --ligand /tmp/molecule_generation/ligand.pdb --seed 0 --cpu 64
Using random seed: 0

0%   10   20   30   40   50   60   70   80   90   100%
|----|----|----|----|----|----|----|----|----|----|
***************************************************
 | pose 0 | initial pose not within box

mode |  affinity  |  intramol  |    CNN     |   CNN
     | (kcal/mol) | (kcal/mol) | pose score | affinity
-----+------------+------------+------------+----------
    1        0.00       -0.33       0.8453      4.996

gnina output result line captured: 1        0.00       -0.33       0.8453      4.996

PROCESSING MOLECULE: CCN(CC)C(=S)SSC(=S)N(CC)C
Running Gnina command: ./docking/gnina --config ./docking/DBH/DBH_config.txt --ligand /tmp/molecule_generation/ligand.pdb --seed 0 --cpu 64
Gnina output:
              _
             (_)
   __ _ _ __  _ _ __   __ _
  / _` | '_ \| | '_ \ / _` |
 | (_| | | | | | | | | (_| |
  \__, |_| |_|_|_| |_|\__,_|
   __/ |
  |___/

gnina v1.3 master:97fa6bc+   Built Oct  3 2024.
gnina is based on smina and AutoDock Vina.
Please cite appropriately.

Commandline: ./docking/gnina --config ./docking/DBH/DBH_config.txt --ligand /tmp/molecule_generation/ligand.pdb --seed 0 --cpu 64
Using random seed: 0

0%   10   20   30   40   50   60   70   80   90   100%
|----|----|----|----|----|----|----|----|----|----|
***************************************************
 | pose 0 | initial pose not within box

mode |  affinity  |  intramol  |    CNN     |   CNN
     | (kcal/mol) | (kcal/mol) | pose score | affinity
-----+------------+------------+------------+----------
    1        0.00       -0.76       0.7121      3.321

gnina output result line captured: 1        0.00       -0.76       0.7121      3.321

PROCESSING MOLECULE: C1[C@H](COC2=C1C=C(C=C2F)F)N3C(=CNC3=S)CCNCC4=CC=CC=C4.Cl
Running Gnina command: ./docking/gnina --config ./docking/DBH/DBH_config.txt --ligand /tmp/molecule_generation/ligand.pdb --seed 0 --cpu 64
Gnina output:
              _
             (_)
   __ _ _ __  _ _ __   __ _
  / _` | '_ \| | '_ \ / _` |
 | (_| | | | | | | | | (_| |
  \__, |_| |_|_|_| |_|\__,_|
   __/ |
  |___/

gnina v1.3 master:97fa6bc+   Built Oct  3 2024.
gnina is based on smina and AutoDock Vina.
Please cite appropriately.

Commandline: ./docking/gnina --config ./docking/DBH/DBH_config.txt --ligand /tmp/molecule_generation/ligand.pdb --seed 0 --cpu 64
Using random seed: 0

0%   10   20   30   40   50   60   70   80   90   100%
|----|----|----|----|----|----|----|----|----|----|
***************************************************
 | pose 0 | initial pose not within box

mode |  affinity  |  intramol  |    CNN     |   CNN
     | (kcal/mol) | (kcal/mol) | pose score | affinity
-----+------------+------------+------------+----------
    1        0.00       -1.75       0.8570      5.536

gnina output result line captured: 1        0.00       -1.75       0.8570      5.536

PROCESSING MOLECULE: C1CC2=C(C=C(C=C2C[C@H]1N3C(=CNC3=S)CN)F)Cl
Running Gnina command: ./docking/gnina --config ./docking/DBH/DBH_config.txt --ligand /tmp/molecule_generation/ligand.pdb --seed 0 --cpu 64
Gnina output:
              _
             (_)
   __ _ _ __  _ _ __   __ _
  / _` | '_ \| | '_ \ / _` |
 | (_| | | | | | | | | (_| |
  \__, |_| |_|_|_| |_|\__,_|
   __/ |
  |___/

gnina v1.3 master:97fa6bc+   Built Oct  3 2024.
gnina is based on smina and AutoDock Vina.
Please cite appropriately.

Commandline: ./docking/gnina --config ./docking/DBH/DBH_config.txt --ligand /tmp/molecule_generation/ligand.pdb --seed 0 --cpu 64
Using random seed: 0

0%   10   20   30   40   50   60   70   80   90   100%
|----|----|----|----|----|----|----|----|----|----|
***************************************************
 | pose 0 | initial pose not within box

mode |  affinity  |  intramol  |    CNN     |   CNN
     | (kcal/mol) | (kcal/mol) | pose score | affinity
-----+------------+------------+------------+----------
    1        0.00       -0.23       0.8089      4.788

gnina output result line captured: 1        0.00       -0.23       0.8089      4.788

PROCESSING MOLECULE: C1=CC(=CC=C1O)C(=O)C2=CC=CC=C2
Running Gnina command: ./docking/gnina --config ./docking/DBH/DBH_config.txt --ligand /tmp/molecule_generation/ligand.pdb --seed 0 --cpu 64
Gnina output:
              _
             (_)
   __ _ _ __  _ _ __   __ _
  / _` | '_ \| | '_ \ / _` |
 | (_| | | | | | | | | (_| |
  \__, |_| |_|_|_| |_|\__,_|
   __/ |
  |___/

gnina v1.3 master:97fa6bc+   Built Oct  3 2024.
gnina is based on smina and AutoDock Vina.
Please cite appropriately.

Commandline: ./docking/gnina --config ./docking/DBH/DBH_config.txt --ligand /tmp/molecule_generation/ligand.pdb --seed 0 --cpu 64
Using random seed: 0

0%   10   20   30   40   50   60   70   80   90   100%
|----|----|----|----|----|----|----|----|----|----|
***************************************************
 | pose 0 | initial pose not within box

mode |  affinity  |  intramol  |    CNN     |   CNN
     | (kcal/mol) | (kcal/mol) | pose score | affinity
-----+------------+------------+------------+----------
    1        0.00       -0.52       0.7416      3.891

gnina output result line captured: 1        0.00       -0.52       0.7416      3.891

PROCESSING MOLECULE: C1[C@H](COC2=C1C=C(C=C2F)F)N3C(=CNC3=S)CNC
Running Gnina command: ./docking/gnina --config ./docking/DBH/DBH_config.txt --ligand /tmp/molecule_generation/ligand.pdb --seed 0 --cpu 64
Gnina output:
              _
             (_)
   __ _ _ __  _ _ __   __ _
  / _` | '_ \| | '_ \ / _` |
 | (_| | | | | | | | | (_| |
  \__, |_| |_|_|_| |_|\__,_|
   __/ |
  |___/

gnina v1.3 master:97fa6bc+   Built Oct  3 2024.
gnina is based on smina and AutoDock Vina.
Please cite appropriately.

Commandline: ./docking/gnina --config ./docking/DBH/DBH_config.txt --ligand /tmp/molecule_generation/ligand.pdb --seed 0 --cpu 64
Using random seed: 0

0%   10   20   30   40   50   60   70   80   90   100%
|----|----|----|----|----|----|----|----|----|----|
***************************************************
 | pose 0 | initial pose not within box

mode |  affinity  |  intramol  |    CNN     |   CNN
     | (kcal/mol) | (kcal/mol) | pose score | affinity
-----+------------+------------+------------+----------
    1        0.00       -0.32       0.8629      4.874

gnina output result line captured: 1        0.00       -0.32       0.8629      4.874

PROCESSING MOLECULE: C1[C@H](COC2=C1C=C(C=C2F)F)N3C(=CNC3=S)CCNCC4=CC=CC=C4
Running Gnina command: ./docking/gnina --config ./docking/DBH/DBH_config.txt --ligand /tmp/molecule_generation/ligand.pdb --seed 0 --cpu 64
Gnina output:
              _
             (_)
   __ _ _ __  _ _ __   __ _
  / _` | '_ \| | '_ \ / _` |
 | (_| | | | | | | | | (_| |
  \__, |_| |_|_|_| |_|\__,_|
   __/ |
  |___/

gnina v1.3 master:97fa6bc+   Built Oct  3 2024.
gnina is based on smina and AutoDock Vina.
Please cite appropriately.

Commandline: ./docking/gnina --config ./docking/DBH/DBH_config.txt --ligand /tmp/molecule_generation/ligand.pdb --seed 0 --cpu 64
Using random seed: 0

0%   10   20   30   40   50   60   70   80   90   100%
|----|----|----|----|----|----|----|----|----|----|
***************************************************
 | pose 0 | initial pose not within box

mode |  affinity  |  intramol  |    CNN     |   CNN
     | (kcal/mol) | (kcal/mol) | pose score | affinity
-----+------------+------------+------------+----------
    1        0.00       -1.93       0.8612      5.354

gnina output result line captured: 1        0.00       -1.93       0.8612      5.354

PROCESSING MOLECULE: C1=CC=C(C(=O)C=C1)OCCN(CC)C(=S)SSC(=S)N(CC)CCNC
Running Gnina command: ./docking/gnina --config ./docking/DBH/DBH_config.txt --ligand /tmp/molecule_generation/ligand.pdb --seed 0 --cpu 64
Gnina output:
              _
             (_)
   __ _ _ __  _ _ __   __ _
  / _` | '_ \| | '_ \ / _` |
 | (_| | | | | | | | | (_| |
  \__, |_| |_|_|_| |_|\__,_|
   __/ |
  |___/

gnina v1.3 master:97fa6bc+   Built Oct  3 2024.
gnina is based on smina and AutoDock Vina.
Please cite appropriately.

Commandline: ./docking/gnina --config ./docking/DBH/DBH_config.txt --ligand /tmp/molecule_generation/ligand.pdb --seed 0 --cpu 64
Using random seed: 0

0%   10   20   30   40   50   60   70   80   90   100%
|----|----|----|----|----|----|----|----|----|----|
***************************************************
 | pose 0 | initial pose not within box

mode |  affinity  |  intramol  |    CNN     |   CNN
     | (kcal/mol) | (kcal/mol) | pose score | affinity
-----+------------+------------+------------+----------
    1        0.00       -1.93       0.6057      4.249

gnina output result line captured: 1        0.00       -1.93       0.6057      4.249

PROCESSING MOLECULE: C1CC2=C(C=C(C=C2C[C@H]1N3C(=CNC3=S)CN)Cl)Cl
Running Gnina command: ./docking/gnina --config ./docking/DBH/DBH_config.txt --ligand /tmp/molecule_generation/ligand.pdb --seed 0 --cpu 64
Gnina output:
              _
             (_)
   __ _ _ __  _ _ __   __ _
  / _` | '_ \| | '_ \ / _` |
 | (_| | | | | | | | | (_| |
  \__, |_| |_|_|_| |_|\__,_|
   __/ |
  |___/

gnina v1.3 master:97fa6bc+   Built Oct  3 2024.
gnina is based on smina and AutoDock Vina.
Please cite appropriately.

Commandline: ./docking/gnina --config ./docking/DBH/DBH_config.txt --ligand /tmp/molecule_generation/ligand.pdb --seed 0 --cpu 64
Using random seed: 0

0%   10   20   30   40   50   60   70   80   90   100%
|----|----|----|----|----|----|----|----|----|----|
***************************************************
 | pose 0 | initial pose not within box

mode |  affinity  |  intramol  |    CNN     |   CNN
     | (kcal/mol) | (kcal/mol) | pose score | affinity
-----+------------+------------+------------+----------
    1        0.00       -0.10       0.7985      5.121

gnina output result line captured: 1        0.00       -0.10       0.7985      5.121

PROCESSING MOLECULE: CCN(CC)C(=S)SSC(=S)N(CC)CCO
Running Gnina command: ./docking/gnina --config ./docking/DBH/DBH_config.txt --ligand /tmp/molecule_generation/ligand.pdb --seed 0 --cpu 64
Gnina output:
              _
             (_)
   __ _ _ __  _ _ __   __ _
  / _` | '_ \| | '_ \ / _` |
 | (_| | | | | | | | | (_| |
  \__, |_| |_|_|_| |_|\__,_|
   __/ |
  |___/

gnina v1.3 master:97fa6bc+   Built Oct  3 2024.
gnina is based on smina and AutoDock Vina.
Please cite appropriately.

Commandline: ./docking/gnina --config ./docking/DBH/DBH_config.txt --ligand /tmp/molecule_generation/ligand.pdb --seed 0 --cpu 64
Using random seed: 0

0%   10   20   30   40   50   60   70   80   90   100%
|----|----|----|----|----|----|----|----|----|----|
***************************************************
 | pose 0 | initial pose not within box

mode |  affinity  |  intramol  |    CNN     |   CNN
     | (kcal/mol) | (kcal/mol) | pose score | affinity
-----+------------+------------+------------+----------
    1        0.00       -0.80       0.6873      3.317

gnina output result line captured: 1        0.00       -0.80       0.6873      3.317
Error: No valid molecule generated.
